<?xml version="1.0" encoding="UTF-8"?>
<!-- Generated by org.testng.reporters.JUnitReportReporter -->
<testsuite hostname="DESKTOP-0NVAA7R" failures="0" tests="2" name="com.tests.TestClass1" time="0.016" errors="0" timestamp="2022-06-30T16:54:44 IST" skipped="0">
  <testcase classname="com.tests.TestClass1" name="testCase1" time="0.013"/>
  <system-out/>
  <testcase classname="com.tests.TestClass1" name="testCase2" time="0.003"/>
  <system-out/>
</testsuite> <!-- com.tests.TestClass1 -->
