<?xml version="1.0" encoding="UTF-8"?>
<!-- Generated by org.testng.reporters.JUnitReportReporter -->
<testsuite hostname="DESKTOP-0NVAA7R" failures="0" tests="1" name="com.tests.action" time="7.994" errors="0" timestamp="2022-09-11T12:48:06 IST" skipped="0">
  <testcase classname="com.tests.action" name="setup" time="7.994"/>
  <system-out/>
</testsuite> <!-- com.tests.action -->
